2022-04-18 08:11:40,605 - Error adding channel [destiny], no channel id data recieved, is the channel banned or the name typed incorrectly?
2022-04-18 08:12:25,047 - Error adding channel [vacuously], no channel id data recieved, is the channel banned or the name typed incorrectly?
2022-04-18 08:12:33,052 - Error adding channel [sodapoppin], no channel id data recieved, is the channel banned or the name typed incorrectly?
2022-04-18 08:57:01,335 - Error adding channel [destiny], no channel id data recieved, is the channel banned or the name typed incorrectly?
2022-04-18 08:57:45,309 - Error adding channel [vacuously], no channel id data recieved, is the channel banned or the name typed incorrectly?
2022-04-18 08:57:52,789 - Error adding channel [sodapoppin], no channel id data recieved, is the channel banned or the name typed incorrectly?
2022-04-18 09:15:01,088 - Error adding channel [destiny], no channel id data recieved, is the channel banned or the name typed incorrectly?
2022-04-18 09:15:45,372 - Error adding channel [vacuously], no channel id data recieved, is the channel banned or the name typed incorrectly?
2022-04-18 09:15:53,856 - Error adding channel [sodapoppin], no channel id data recieved, is the channel banned or the name typed incorrectly?
2022-04-18 09:26:00,505 - Error adding channel [destiny], no channel id data recieved, is the channel banned or the name typed incorrectly?
2022-04-18 09:26:44,662 - Error adding channel [vacuously], no channel id data recieved, is the channel banned or the name typed incorrectly?
2022-04-18 09:26:52,159 - Error adding channel [sodapoppin], no channel id data recieved, is the channel banned or the name typed incorrectly?
2022-04-18 10:42:02,139 - Error adding channel [destiny], no channel id data recieved, is the channel banned or the name typed incorrectly?
2022-04-18 10:42:45,527 - Error adding channel [vacuously], no channel id data recieved, is the channel banned or the name typed incorrectly?
2022-04-18 10:42:53,521 - Error adding channel [sodapoppin], no channel id data recieved, is the channel banned or the name typed incorrectly?
2022-04-18 10:44:59,107 - [pokelawls] Channel Went OFFLINE- Initializing Channel Tracking.
2022-04-18 10:44:59,107 - [codemiko] Channel Went OFFLINE- Initializing Channel Tracking.
2022-04-18 10:44:59,107 - [itmejp] Channel Went OFFLINE- Initializing Channel Tracking.
2022-04-18 10:44:59,107 - [mizkif] Channel Went OFFLINE- Initializing Channel Tracking.
2022-04-18 10:44:59,107 - [g4tv] Channel Went OFFLINE- Initializing Channel Tracking.
2022-04-18 10:44:59,107 - [alisha] Channel Went OFFLINE- Initializing Channel Tracking.
2022-04-18 10:44:59,107 - [invadervie] Channel Went OFFLINE- Initializing Channel Tracking.
2022-04-18 10:44:59,107 - [lilypichu] Channel Went OFFLINE- Initializing Channel Tracking.
2022-04-18 10:44:59,566 - [kyootbot] Channel Went OFFLINE- Initializing Channel Tracking.
2022-04-18 10:44:59,566 - [leslieNGGG] Channel Went OFFLINE- Initializing Channel Tracking.
2022-04-18 10:45:00,026 - [susu_jpg] Channel Went OFFLINE- Initializing Channel Tracking.
2022-04-18 10:45:00,026 - [fpskyle] Channel Went OFFLINE- Initializing Channel Tracking.
2022-04-18 10:45:00,026 - [melina] Channel Went OFFLINE- Initializing Channel Tracking.
2022-04-18 10:45:00,485 - [bigbossboze] Channel Went OFFLINE- Initializing Channel Tracking.
2022-04-18 10:45:00,485 - [wingsofredemption] Channel Went OFFLINE- Initializing Channel Tracking.
2022-04-18 10:45:00,485 - [katerino] Channel Went OFFLINE- Initializing Channel Tracking.
2022-04-18 10:45:00,485 - [devinnash] Channel Went OFFLINE- Initializing Channel Tracking.
2022-04-18 10:45:00,485 - [highgai] Channel Went OFFLINE- Initializing Channel Tracking.
2022-04-18 10:45:00,485 - [dunkstream] Channel Went OFFLINE- Initializing Channel Tracking.
2022-04-18 10:45:00,485 - [botezlive] Channel Went OFFLINE- Initializing Channel Tracking.
2022-04-18 10:45:00,485 - [jessecox] Channel Went OFFLINE- Initializing Channel Tracking.
2022-04-18 10:45:00,485 - [sky_mp3] Channel Went OFFLINE- Initializing Channel Tracking.
2022-04-18 10:45:00,485 - [andymilonakis] Channel Went OFFLINE- Initializing Channel Tracking.
2022-04-18 10:45:00,485 - [trihex] Channel Went OFFLINE- Initializing Channel Tracking.
2022-04-18 10:45:00,485 - [thestockguy] Channel Went OFFLINE- Initializing Channel Tracking.
2022-04-18 10:45:00,485 - [austinshow] Channel Went OFFLINE- Initializing Channel Tracking.
2022-04-18 10:45:00,486 - [knut] Channel Went OFFLINE- Initializing Channel Tracking.
2022-04-18 10:45:00,486 - [dexbonus] Channel Went OFFLINE- Initializing Channel Tracking.
2022-04-18 10:45:00,486 - [dylanburnstv] Channel Went OFFLINE- Initializing Channel Tracking.
2022-04-18 10:45:00,486 - [primecayes] Channel Went OFFLINE- Initializing Channel Tracking.
2022-04-18 10:45:00,486 - [moderndaydebate] Channel Went OFFLINE- Initializing Channel Tracking.
2022-04-18 10:45:00,486 - [dancantstream] Channel Went OFFLINE- Initializing Channel Tracking.
2022-04-18 10:45:00,486 - [lycangtv] Channel Went OFFLINE- Initializing Channel Tracking.
2022-04-18 10:45:00,486 - [mrmouton] Channel Went OFFLINE- Initializing Channel Tracking.
2022-04-18 10:45:00,486 - [melina] Channel Went OFFLINE- Initializing Channel Tracking.
2022-04-18 10:45:00,486 - [ahrelevant] Channel Went OFFLINE- Initializing Channel Tracking.
2022-04-18 10:45:00,486 - [dariusirl] Channel Went OFFLINE- Initializing Channel Tracking.
2022-04-18 10:45:00,486 - [bigbossboze] Channel Went OFFLINE- Initializing Channel Tracking.
2022-04-18 10:45:00,486 - [gappyv] Channel Went OFFLINE- Initializing Channel Tracking.
2022-04-18 10:45:00,486 - [stardust] Channel Went OFFLINE- Initializing Channel Tracking.
2022-04-18 10:45:00,486 - [sondsol] Channel Went OFFLINE- Initializing Channel Tracking.
2022-04-18 10:45:00,486 - [chudlogic] Channel Went OFFLINE- Initializing Channel Tracking.
2022-04-18 10:45:00,486 - [imreallyimportant] Channel Went OFFLINE- Initializing Channel Tracking.
2022-04-18 10:45:00,486 - [lonerbox] Channel Went OFFLINE- Initializing Channel Tracking.
2022-04-18 10:45:00,487 - [rose_wrist] Channel Went OFFLINE- Initializing Channel Tracking.
2022-04-18 10:45:00,487 - [notsoErudite] Channel Went OFFLINE- Initializing Channel Tracking.
2022-04-18 10:45:00,487 - [anavoir] Channel Went OFFLINE- Initializing Channel Tracking.
2022-04-18 10:45:00,487 - [criticallythinkingveteran] Channel Went OFFLINE- Initializing Channel Tracking.
2022-04-18 10:45:00,487 - [hasanabi] Channel Went OFFLINE- Initializing Channel Tracking.
2022-04-18 10:45:00,487 - [wickedsupreme] Channel Went OFFLINE- Initializing Channel Tracking.
2022-04-18 10:45:00,487 - [biggestjoel] Channel Went OFFLINE- Initializing Channel Tracking.
2022-04-18 10:45:00,487 - [aupercat] Channel Went OFFLINE- Initializing Channel Tracking.
2022-04-18 10:45:00,488 - [remthebathboi] Channel Went OFFLINE- Initializing Channel Tracking.
2022-04-18 10:45:00,488 - [rileygraceroshong] Channel Went OFFLINE- Initializing Channel Tracking.
2022-04-18 10:45:00,488 - [eristocracytv] Channel Went OFFLINE- Initializing Channel Tracking.
2022-04-18 10:45:00,488 - [chaeiry] Channel Went OFFLINE- Initializing Channel Tracking.
2022-04-18 10:45:00,488 - [erisann] Channel Went OFFLINE- Initializing Channel Tracking.
2022-04-18 10:45:00,488 - [thesillyserious] Channel Went OFFLINE- Initializing Channel Tracking.
2022-04-18 10:45:00,488 - [ragepope] Channel Went OFFLINE- Initializing Channel Tracking.
2022-04-18 10:45:00,488 - [pisco95] Channel Went OFFLINE- Initializing Channel Tracking.
2022-04-18 10:45:00,488 - [realdancody] Channel Went OFFLINE- Initializing Channel Tracking.
2022-04-18 10:45:00,488 - [freemz] Channel Went OFFLINE- Initializing Channel Tracking.
2022-04-18 10:45:00,489 - [katarana_] Channel Went OFFLINE- Initializing Channel Tracking.
2022-04-18 10:45:00,489 - [livagar] Channel Went OFFLINE- Initializing Channel Tracking.
2022-04-18 10:45:00,489 - [julianfeeld] Channel Went OFFLINE- Initializing Channel Tracking.
2022-04-18 10:45:00,489 - [denims] Channel Went OFFLINE- Initializing Channel Tracking.
2022-04-18 10:45:00,489 - [kflogan1875] Channel Went OFFLINE- Initializing Channel Tracking.
2022-04-18 10:45:00,489 - [mrg2ek] Channel Went OFFLINE- Initializing Channel Tracking.
2022-04-18 10:45:00,489 - [hutch] Channel Went OFFLINE- Initializing Channel Tracking.
2022-04-18 10:45:00,489 - [jadeisaboss] Channel Went OFFLINE- Initializing Channel Tracking.
2022-04-18 10:45:00,956 - [kyosanAU] Channel Went OFFLINE- Initializing Channel Tracking.
2022-04-18 10:45:00,956 - [kraut_the_parrot] Channel Went OFFLINE- Initializing Channel Tracking.
2022-04-18 10:45:01,415 - [peachachoo] Channel Went OFFLINE- Initializing Channel Tracking.
2022-04-18 10:45:01,415 - [booksmarts] Channel Went OFFLINE- Initializing Channel Tracking.
2022-04-18 10:45:01,415 - [mxvivianwulf] Channel Went OFFLINE- Initializing Channel Tracking.
2022-04-18 10:45:01,415 - [mindwavestv] Channel Went OFFLINE- Initializing Channel Tracking.
2022-04-18 10:45:01,415 - [lumirue] Channel Went OFFLINE- Initializing Channel Tracking.
2022-04-18 10:45:01,415 - [davidpakman] Channel Went OFFLINE- Initializing Channel Tracking.
2022-04-18 10:45:01,415 - [themajorityreport] Channel Went OFFLINE- Initializing Channel Tracking.
2022-04-18 10:45:01,415 - [daskrubking] Channel Went OFFLINE- Initializing Channel Tracking.
2022-04-18 10:45:01,415 - [asmongold] Channel Went OFFLINE- Initializing Channel Tracking.
2022-04-18 10:45:01,415 - [zackrawrr] Channel Went OFFLINE- Initializing Channel Tracking.
2022-04-18 10:45:01,415 - [mcconnellret] Channel Went OFFLINE- Initializing Channel Tracking.
2022-04-18 10:45:01,415 - [jokerdtv] Channel Went OFFLINE- Initializing Channel Tracking.
2022-04-18 10:45:01,415 - [snutzy] Channel Went OFFLINE- Initializing Channel Tracking.
2022-04-18 10:45:01,415 - [payo] Channel Went OFFLINE- Initializing Channel Tracking.
2022-04-18 10:45:01,416 - [xaryu] Channel Went OFFLINE- Initializing Channel Tracking.
2022-04-18 10:45:01,416 - [venruki] Channel Went OFFLINE- Initializing Channel Tracking.
2022-04-18 10:45:01,416 - [watchmeblink] Channel Went OFFLINE- Initializing Channel Tracking.
2022-04-18 10:45:01,872 - [talbadar] Channel Went OFFLINE- Initializing Channel Tracking.
2022-04-18 10:45:02,332 - [mitchjones] Channel Went OFFLINE- Initializing Channel Tracking.
2022-04-18 10:45:02,332 - [lec] Channel Went OFFLINE- Initializing Channel Tracking.
2022-04-18 10:45:02,332 - [lcs] Channel Went OFFLINE- Initializing Channel Tracking.
2022-04-18 10:45:02,332 - [lck] Channel Went OFFLINE- Initializing Channel Tracking.
2022-04-18 10:45:02,332 - [lpl] Channel Went OFFLINE- Initializing Channel Tracking.
2022-04-18 10:45:02,793 - [imaqtpie] Channel Went OFFLINE- Initializing Channel Tracking.
2022-04-18 10:45:02,793 - [iwdominate] Channel Went OFFLINE- Initializing Channel Tracking.
2022-04-18 10:45:02,793 - [richardlewisreports] Channel Went OFFLINE- Initializing Channel Tracking.
2022-04-18 10:45:03,251 - [faker] Channel Went OFFLINE- Initializing Channel Tracking.
2022-04-18 10:45:03,251 - [huni] Channel Went OFFLINE- Initializing Channel Tracking.
2022-04-18 10:45:03,251 - [gosu] Channel Went OFFLINE- Initializing Channel Tracking.
2022-04-18 10:45:03,251 - [santorin] Channel Went OFFLINE- Initializing Channel Tracking.
2022-04-18 10:45:03,709 - [bjergsenlol] Channel Went OFFLINE- Initializing Channel Tracking.
